2009-04-17 13:49:22,033 [8] NHibernate.Cfg.Environment..cctor(:0) - NHibernate 2.0.1.4000 (2.0.1.4000)

2009-04-17 13:49:22,309 [8] NHibernate.Cfg.Environment.LoadGlobalPropertiesFromAppConfig(:0) - hibernate-configuration section not found in application configuration file

2009-04-17 13:49:22,310 [8] NHibernate.Cfg.Environment.BuildBytecodeProvider(:0) - Bytecode provider name : lcg

2009-04-17 13:49:22,312 [8] NHibernate.Cfg.Environment..cctor(:0) - Using reflection optimizer

2009-04-17 13:49:22,387 [8] NHibernate.Cfg.Configuration.AddProperties(:0) - connection.connection_string=Data Source=Localhost\SQLEXPRESS;Initial Catalog=van;Integrated Security=True;

2009-04-17 13:49:22,388 [8] NHibernate.Cfg.Configuration.AddProperties(:0) - dialect=NHibernate.Dialect.MsSql2005Dialect

2009-04-17 13:49:22,388 [8] NHibernate.Cfg.Configuration.AddProperties(:0) - connection.provider=NHibernate.Connection.DriverConnectionProvider

2009-04-17 13:49:22,389 [8] NHibernate.Cfg.Configuration.AddProperties(:0) - connection.driver_class=NHibernate.Driver.SqlClientDriver

2009-04-17 13:49:22,389 [8] NHibernate.Cfg.Configuration.AddProperties(:0) - show_sql=true

2009-04-17 13:49:22,389 [8] NHibernate.Cfg.Configuration.AddProperties(:0) - connection.release_mode=auto

2009-04-17 13:49:22,390 [8] NHibernate.Cfg.Configuration.AddProperties(:0) - adonet.batch_size=500

2009-04-17 13:49:22,391 [8] NHibernate.Cfg.Configuration.DoConfigure(:0) - properties: System.Collections.Generic.Dictionary`2[System.String,System.String]

2009-04-17 13:49:22,417 [8] NHibernate.Cfg.Configuration.AddAssembly(:0) - No mapped documents found in assembly: van.Data, Version=1.0.0.0, Culture=neutral, PublicKeyToken=null

2009-04-17 13:49:22,440 [8] NHibernate.Cfg.Configuration.SecondPassCompile(:0) - checking mappings queue

2009-04-17 13:49:22,441 [8] NHibernate.Cfg.Configuration.SecondPassCompile(:0) - processing one-to-many association mappings

2009-04-17 13:49:22,442 [8] NHibernate.Cfg.Configuration.SecondPassCompile(:0) - processing one-to-one association property references

2009-04-17 13:49:22,442 [8] NHibernate.Cfg.Configuration.SecondPassCompile(:0) - processing foreign key constraints

2009-04-17 13:49:22,562 [8] NHibernate.Dialect.Dialect..ctor(:0) - Using dialect: NHibernate.Dialect.MsSql2005Dialect

2009-04-17 13:49:22,578 [8] NHibernate.Exceptions.SQLExceptionConverterFactory.BuildSQLExceptionConverter(:0) - Using dialect defined converter

2009-04-17 13:49:22,582 [8] NHibernate.Connection.ConnectionProviderFactory.NewConnectionProvider(:0) - Initializing connection provider: NHibernate.Connection.DriverConnectionProvider

2009-04-17 13:49:22,584 [8] NHibernate.Connection.ConnectionProvider.Configure(:0) - Configuring ConnectionProvider

2009-04-17 13:49:22,586 [8] NHibernate.Cfg.SettingsFactory.CreateTransactionFactory(:0) - Transaction factory: NHibernate.Transaction.AdoNetTransactionFactory

2009-04-17 13:49:22,587 [8] NHibernate.Cfg.SettingsFactory.BuildSettings(:0) - Optimize cache for minimal puts: False

2009-04-17 13:49:22,587 [8] NHibernate.Cfg.SettingsFactory.BuildSettings(:0) - Connection release mode: auto

2009-04-17 13:49:22,588 [8] NHibernate.Cfg.SettingsFactory.BuildSettings(:0) - Default batch fetch size: 1

2009-04-17 13:49:22,588 [8] NHibernate.Cfg.SettingsFactory.BuildSettings(:0) - echoing all SQL to stdout

2009-04-17 13:49:22,589 [8] NHibernate.Cfg.SettingsFactory.BuildSettings(:0) - Statistics: disabled

2009-04-17 13:49:22,590 [8] NHibernate.Cfg.SettingsFactory.CreateQueryTranslatorFactory(:0) - Query translator: NHibernate.Hql.Classic.ClassicQueryTranslatorFactory

2009-04-17 13:49:22,593 [8] NHibernate.Cfg.SettingsFactory.BuildSettings(:0) - Query language substitutions: {}

2009-04-17 13:49:22,594 [8] NHibernate.Cfg.SettingsFactory.CreateCacheProvider(:0) - cache provider: NHibernate.Cache.NoCacheProvider, NHibernate, Version=2.0.1.4000, Culture=neutral, PublicKeyToken=aa95f207798dfdb4

2009-04-17 13:49:22,596 [8] NHibernate.Cfg.SettingsFactory.BuildSettings(:0) - Wrap result sets: disabled

2009-04-17 13:49:22,598 [8] NHibernate.Cfg.SettingsFactory.CreateBatcherFactory(:0) - Batcher factory: NHibernate.AdoNet.SqlClientBatchingBatcherFactory, NHibernate, Version=2.0.1.4000, Culture=neutral, PublicKeyToken=aa95f207798dfdb4

2009-04-17 13:49:22,599 [8] NHibernate.Cfg.SettingsFactory.BuildSettings(:0) - Named query checking : enabled

2009-04-17 13:49:22,622 [8] NHibernate.Impl.SessionFactoryImpl..ctor(:0) - building session factory

2009-04-17 13:49:22,625 [8] NHibernate.Impl.SessionFactoryImpl..ctor(:0) - instantiating session factory with properties: {use_reflection_optimizer=True, connection.connection_string=Data Source=Localhost\SQLEXPRESS;Initial Catalog=van;Integrated Security=True;, dialect=NHibernate.Dialect.MsSql2005Dialect, connection.provider=NHibernate.Connection.DriverConnectionProvider, connection.driver_class=NHibernate.Driver.SqlClientDriver, show_sql=true, connection.release_mode=auto, adonet.batch_size=500}

2009-04-17 13:49:22,627 [8] NHibernate.Impl.SessionFactoryObjectFactory..cctor(:0) - initializing class SessionFactoryObjectFactory

2009-04-17 13:49:22,628 [8] NHibernate.Impl.SessionFactoryObjectFactory.AddInstance(:0) - registered: 9da2295fea6044d294e721513c292b8c(unnamed)

2009-04-17 13:49:22,629 [8] NHibernate.Impl.SessionFactoryObjectFactory.AddInstance(:0) - no name configured

2009-04-17 13:49:22,630 [8] NHibernate.Impl.SessionFactoryImpl..ctor(:0) - Instantiated session factory

2009-04-17 13:49:22,638 [8] NHibernate.Impl.SessionFactoryImpl.CheckNamedQueries(:0) - Checking 0 named HQL queries

2009-04-17 13:49:22,639 [8] NHibernate.Impl.SessionFactoryImpl.CheckNamedQueries(:0) - Checking 0 named SQL queries

