4:09:15 PM	Opened solution for addition of generated files
4:09:17 PM	Adding C:\Dev\OSS\virtualaltnet\tests\van.Tests\van.Core\UserTests.cs to project named van.Tests with AddFromFile
4:09:17 PM	Added file C:\Dev\OSS\virtualaltnet\tests\van.Tests\van.Core\UserTests.cs
4:09:17 PM	File already exists C:\Dev\OSS\virtualaltnet\app\van.Core\User.cs
4:09:19 PM	Adding C:\Dev\OSS\virtualaltnet\tests\van.Tests\van.Web\Controllers\UsersControllerTests.cs to project named van.Tests with AddFromFile
4:09:19 PM	Added file C:\Dev\OSS\virtualaltnet\tests\van.Tests\van.Web\Controllers\UsersControllerTests.cs
4:09:19 PM	Adding C:\Dev\OSS\virtualaltnet\app\van.Web.Controllers\UsersController.cs to project named van.Web.Controllers with AddFromFile
4:09:20 PM	Added file C:\Dev\OSS\virtualaltnet\app\van.Web.Controllers\UsersController.cs
4:09:20 PM	Added directory C:\Dev\OSS\virtualaltnet\app\van.Web\Views\Users\
4:09:25 PM	Adding C:\Dev\OSS\virtualaltnet\app\van.Web\Views\Users\UserForm.ascx to project named van.Web with AddFromFile
4:09:25 PM	Added file C:\Dev\OSS\virtualaltnet\app\van.Web\Views\Users\UserForm.ascx
4:09:27 PM	Adding C:\Dev\OSS\virtualaltnet\app\van.Web\Views\Users\Create.aspx to project named van.Web with AddFromFile
4:09:27 PM	Added file C:\Dev\OSS\virtualaltnet\app\van.Web\Views\Users\Create.aspx
4:09:29 PM	Adding C:\Dev\OSS\virtualaltnet\app\van.Web\Views\Users\Edit.aspx to project named van.Web with AddFromFile
4:09:29 PM	Added file C:\Dev\OSS\virtualaltnet\app\van.Web\Views\Users\Edit.aspx
4:09:30 PM	Adding C:\Dev\OSS\virtualaltnet\app\van.Web\Views\Users\Index.aspx to project named van.Web with AddFromFile
4:09:30 PM	Added file C:\Dev\OSS\virtualaltnet\app\van.Web\Views\Users\Index.aspx
4:09:31 PM	Adding C:\Dev\OSS\virtualaltnet\app\van.Web\Views\Users\Show.aspx to project named van.Web with AddFromFile
4:09:31 PM	Added file C:\Dev\OSS\virtualaltnet\app\van.Web\Views\Users\Show.aspx
4:09:42 PM	Closed solution after addition of generated files
