9:47:26 PM	MoveCommonAssemblyInfoToRoot: Moving CommonAssemblyInfo.cs from C:\Users\zach\Documents\Visual Studio 2008\Projects\van\van\SolutionItemsContainer\CommonAssemblyInfo.cs to root at C:\Users\zach\Documents\Visual Studio 2008\Projects\van\van\CommonAssemblyInfo.cs
9:47:26 PM	MoveSolutionItemsToLib: Moving solution items from C:\Users\zach\Documents\Visual Studio 2008\Projects\van\van\SolutionItemsContainer\Solution Items to lib at C:\Users\zach\Documents\Visual Studio 2008\Projects\van\van\lib
9:47:27 PM	MoveSolutionItemsToToolsLib: Moving tools solution items from C:\Users\zach\Documents\Visual Studio 2008\Projects\van\van\ToolsSolutionItemsContainer\Solution Items to tools lib at C:\Users\zach\Documents\Visual Studio 2008\Projects\van\van\tools\lib
9:47:28 PM	MoveProjectTo: Removing van.Core from solution
9:47:29 PM	PerformManualProjectReplacementsTo: Going to PerformManualProjectReplacementsTo on C:\Users\zach\Documents\Visual Studio 2008\Projects\van\van\van.Core\van.Core.csproj
9:47:29 PM	MoveProjectTo: Moving van.Core from C:\Users\zach\Documents\Visual Studio 2008\Projects\van\van\van.Core to target location at C:\Users\zach\Documents\Visual Studio 2008\Projects\van\van\app\van.Core
9:47:29 PM	MoveProjectTo: Adding van.Core to solution
9:47:31 PM	CaptureProjectGuidOf: Does C:\Users\zach\Documents\Visual Studio 2008\Projects\van\van\app\van.Core\van.Core.csproj exist? True
9:47:31 PM	CaptureProjectGuidOf: About to open C:\Users\zach\Documents\Visual Studio 2008\Projects\van\van\app\van.Core\van.Core.csproj
9:47:31 PM	CaptureProjectGuidOf: Captured the GUID {AF8B1560-C67D-4525-B2AB-D3DEBB21BD6C} for van.Core
9:47:31 PM	MoveProjectTo: Removing van.ApplicationServices from solution
9:47:32 PM	PerformManualProjectReplacementsTo: Going to PerformManualProjectReplacementsTo on C:\Users\zach\Documents\Visual Studio 2008\Projects\van\van\van.ApplicationServices\van.ApplicationServices.csproj
9:47:32 PM	MoveProjectTo: Moving van.ApplicationServices from C:\Users\zach\Documents\Visual Studio 2008\Projects\van\van\van.ApplicationServices to target location at C:\Users\zach\Documents\Visual Studio 2008\Projects\van\van\app\van.ApplicationServices
9:47:32 PM	MoveProjectTo: Adding van.ApplicationServices to solution
9:47:33 PM	CaptureProjectGuidOf: Does C:\Users\zach\Documents\Visual Studio 2008\Projects\van\van\app\van.ApplicationServices\van.ApplicationServices.csproj exist? True
9:47:33 PM	CaptureProjectGuidOf: About to open C:\Users\zach\Documents\Visual Studio 2008\Projects\van\van\app\van.ApplicationServices\van.ApplicationServices.csproj
9:47:33 PM	CaptureProjectGuidOf: Captured the GUID {646B01CE-E1D8-4EB1-A900-C0943A596D51} for van.ApplicationServices
9:47:35 PM	MoveProjectTo: Removing van.Data from solution
9:47:36 PM	PerformManualProjectReplacementsTo: Going to PerformManualProjectReplacementsTo on C:\Users\zach\Documents\Visual Studio 2008\Projects\van\van\van.Data\van.Data.csproj
9:47:36 PM	MoveProjectTo: Moving van.Data from C:\Users\zach\Documents\Visual Studio 2008\Projects\van\van\van.Data to target location at C:\Users\zach\Documents\Visual Studio 2008\Projects\van\van\app\van.Data
9:47:36 PM	MoveProjectTo: Adding van.Data to solution
9:47:37 PM	CaptureProjectGuidOf: Does C:\Users\zach\Documents\Visual Studio 2008\Projects\van\van\app\van.Data\van.Data.csproj exist? True
9:47:37 PM	CaptureProjectGuidOf: About to open C:\Users\zach\Documents\Visual Studio 2008\Projects\van\van\app\van.Data\van.Data.csproj
9:47:37 PM	CaptureProjectGuidOf: Captured the GUID {018D1C14-6A49-4525-A8C7-A747BBFBFA27} for van.Data
9:47:39 PM	MoveProjectTo: Removing van.Web.Controllers from solution
9:47:40 PM	PerformManualProjectReplacementsTo: Going to PerformManualProjectReplacementsTo on C:\Users\zach\Documents\Visual Studio 2008\Projects\van\van\van.Web.Controllers\van.Web.Controllers.csproj
9:47:40 PM	MoveProjectTo: Moving van.Web.Controllers from C:\Users\zach\Documents\Visual Studio 2008\Projects\van\van\van.Web.Controllers to target location at C:\Users\zach\Documents\Visual Studio 2008\Projects\van\van\app\van.Web.Controllers
9:47:40 PM	MoveProjectTo: Adding van.Web.Controllers to solution
9:47:42 PM	CaptureProjectGuidOf: Does C:\Users\zach\Documents\Visual Studio 2008\Projects\van\van\app\van.Web.Controllers\van.Web.Controllers.csproj exist? True
9:47:42 PM	CaptureProjectGuidOf: About to open C:\Users\zach\Documents\Visual Studio 2008\Projects\van\van\app\van.Web.Controllers\van.Web.Controllers.csproj
9:47:42 PM	CaptureProjectGuidOf: Captured the GUID {A0EA8E2D-82A8-4E07-9679-574337DD8440} for van.Web.Controllers
9:47:50 PM	MoveProjectTo: Removing van.Tests from solution
9:47:51 PM	PerformManualProjectReplacementsTo: Going to PerformManualProjectReplacementsTo on C:\Users\zach\Documents\Visual Studio 2008\Projects\van\van\van.Tests\van.Tests.csproj
9:47:51 PM	MoveProjectTo: Moving van.Tests from C:\Users\zach\Documents\Visual Studio 2008\Projects\van\van\van.Tests to target location at C:\Users\zach\Documents\Visual Studio 2008\Projects\van\van\tests\van.Tests
9:47:51 PM	MoveProjectTo: Adding van.Tests to solution
9:48:01 PM	MoveProjectTo: Removing van.Web from solution
9:48:02 PM	PerformManualProjectReplacementsTo: Going to PerformManualProjectReplacementsTo on C:\Users\zach\Documents\Visual Studio 2008\Projects\van\van\van.Web\van.Web.csproj
9:48:02 PM	MoveProjectTo: Moving van.Web from C:\Users\zach\Documents\Visual Studio 2008\Projects\van\van\van.Web to target location at C:\Users\zach\Documents\Visual Studio 2008\Projects\van\van\app\van.Web
9:48:02 PM	MoveProjectTo: Adding van.Web to solution
9:48:06 PM	MoveProjectTo: Removing CrudScaffolding from solution
9:48:07 PM	PerformManualProjectReplacementsTo: Going to PerformManualProjectReplacementsTo on C:\Users\zach\Documents\Visual Studio 2008\Projects\van\van\CrudScaffolding\CrudScaffolding.csproj
9:48:07 PM	MoveProjectTo: Moving CrudScaffolding from C:\Users\zach\Documents\Visual Studio 2008\Projects\van\van\CrudScaffolding to target location at C:\Users\zach\Documents\Visual Studio 2008\Projects\van\van\tools\CrudScaffolding
9:48:08 PM	MoveProjectTo: Adding CrudScaffolding to solution folder C:\Users\zach\Documents\Visual Studio 2008\Projects\van\van\tools\CrudScaffolding
9:48:08 PM	ExcludeProjectFromBuildProcess: Setting build to false for project van\tools\CrudScaffolding\CrudScaffolding.csproj within the Debug configuration
9:48:08 PM	ExcludeProjectFromBuildProcess: Setting build to false for project van\tools\CrudScaffolding\CrudScaffolding.csproj within the Release configuration
