2009-05-07 18:30:56,118 [4] NHibernate.Cfg.Environment..cctor(:0) - NHibernate 2.1.0.1001 (2.1.0.1001)

2009-05-07 18:30:56,157 [4] NHibernate.Cfg.Environment.LoadGlobalPropertiesFromAppConfig(:0) - hibernate-configuration section not found in application configuration file

2009-05-07 18:30:56,170 [4] NHibernate.Cfg.Environment.BuildBytecodeProvider(:0) - Bytecode provider name : lcg

2009-05-07 18:30:56,173 [4] NHibernate.Cfg.Environment..cctor(:0) - Using reflection optimizer

2009-05-07 18:30:56,275 [4] NHibernate.Cfg.Configuration.AddProperties(:0) - connection.connection_string=Data Source=REDGATE\SQLEXPRESS;Initial Catalog=van;Integrated Security=True;

2009-05-07 18:30:56,276 [4] NHibernate.Cfg.Configuration.AddProperties(:0) - dialect=NHibernate.Dialect.MsSql2005Dialect

2009-05-07 18:30:56,277 [4] NHibernate.Cfg.Configuration.AddProperties(:0) - connection.provider=NHibernate.Connection.DriverConnectionProvider

2009-05-07 18:30:56,278 [4] NHibernate.Cfg.Configuration.AddProperties(:0) - connection.driver_class=NHibernate.Driver.SqlClientDriver

2009-05-07 18:30:56,279 [4] NHibernate.Cfg.Configuration.AddProperties(:0) - show_sql=false

2009-05-07 18:30:56,279 [4] NHibernate.Cfg.Configuration.AddProperties(:0) - connection.release_mode=auto

2009-05-07 18:30:56,280 [4] NHibernate.Cfg.Configuration.AddProperties(:0) - adonet.batch_size=500

2009-05-07 18:30:56,280 [4] NHibernate.Cfg.Configuration.AddProperties(:0) - proxyfactory.factory_class=NHibernate.ByteCode.Castle.ProxyFactoryFactory, NHibernate.ByteCode.Castle

2009-05-07 18:30:56,283 [4] NHibernate.Cfg.Configuration.DoConfigure(:0) - properties: System.Collections.Generic.Dictionary`2[System.String,System.String]

2009-05-07 18:30:56,316 [4] NHibernate.Cfg.Configuration.AddAssembly(:0) - No mapped documents found in assembly: van.Data, Version=1.0.0.30178, Culture=neutral, PublicKeyToken=null

2009-05-07 18:30:56,575 [4] NHibernate.Cfg.Configuration.AddDocument(:0) - Mapping XML:
<?xml version="1.0" encoding="utf-8"?><hibernate-mapping xmlns="urn:nhibernate-mapping-2.2" assembly="van.Core, Version=1.0.0.30176, Culture=neutral, PublicKeyToken=null" namespace="van.Core"><class name="Recording" table="Recordings" xmlns="urn:nhibernate-mapping-2.2"><id name="Id" type="Int32" column="RecordingID"><generator class="identity" /></id><property name="RecordingTitle" type="String"><column name="RecordingTitle" /></property><property name="RecordingDuration" type="String"><column name="RecordingDuration" /></property><property name="RecordingUrl" type="String"><column name="RecordingUrl" /></property><property name="RecordingDate" type="DateTime"><column name="RecordingDate" /></property></class></hibernate-mapping>

2009-05-07 18:30:56,653 [4] NHibernate.Dialect.Dialect..ctor(:0) - Using dialect: NHibernate.Dialect.MsSql2005Dialect

2009-05-07 18:30:59,556 [4] NHibernate.Cfg.XmlHbmBinding.RootClassBinder.Bind(:0) - Mapping class: van.Core.Recording -> Recordings

2009-05-07 18:30:59,639 [4] NHibernate.Cfg.XmlHbmBinding.ClassBinder.LogMappedProperty(:0) - Mapped property: Id -> RecordingID, type: Int32

2009-05-07 18:30:59,691 [4] NHibernate.Cfg.XmlHbmBinding.ClassBinder.BindProperty(:0) - Mapped property: RecordingTitle -> RecordingTitle, type: String

2009-05-07 18:30:59,706 [4] NHibernate.Cfg.XmlHbmBinding.ClassBinder.BindProperty(:0) - Mapped property: RecordingDuration -> RecordingDuration, type: String

2009-05-07 18:30:59,707 [4] NHibernate.Cfg.XmlHbmBinding.ClassBinder.BindProperty(:0) - Mapped property: RecordingUrl -> RecordingUrl, type: String

2009-05-07 18:30:59,708 [4] NHibernate.Cfg.XmlHbmBinding.ClassBinder.BindProperty(:0) - Mapped property: RecordingDate -> RecordingDate, type: DateTime

2009-05-07 18:30:59,723 [4] NHibernate.Cfg.Configuration.SecondPassCompile(:0) - checking mappings queue

2009-05-07 18:30:59,724 [4] NHibernate.Cfg.Configuration.SecondPassCompile(:0) - processing one-to-many association mappings

2009-05-07 18:30:59,725 [4] NHibernate.Cfg.Configuration.SecondPassCompile(:0) - processing one-to-one association property references

2009-05-07 18:30:59,726 [4] NHibernate.Cfg.Configuration.SecondPassCompile(:0) - processing foreign key constraints

2009-05-07 18:30:59,776 [4] NHibernate.Dialect.Dialect..ctor(:0) - Using dialect: NHibernate.Dialect.MsSql2005Dialect

2009-05-07 18:30:59,780 [4] NHibernate.Exceptions.SQLExceptionConverterFactory.BuildSQLExceptionConverter(:0) - Using dialect defined converter

2009-05-07 18:30:59,781 [4] NHibernate.Cfg.SettingsFactory.BuildSettings(:0) - Generate SQL with comments: disabled

2009-05-07 18:30:59,787 [4] NHibernate.Connection.ConnectionProviderFactory.NewConnectionProvider(:0) - Initializing connection provider: NHibernate.Connection.DriverConnectionProvider

2009-05-07 18:30:59,789 [4] NHibernate.Connection.ConnectionProvider.Configure(:0) - Configuring ConnectionProvider

2009-05-07 18:30:59,796 [4] NHibernate.Cfg.SettingsFactory.CreateTransactionFactory(:0) - Transaction factory: NHibernate.Transaction.AdoNetTransactionFactory

2009-05-07 18:30:59,797 [4] NHibernate.Cfg.SettingsFactory.BuildSettings(:0) - Optimize cache for minimal puts: False

2009-05-07 18:30:59,797 [4] NHibernate.Cfg.SettingsFactory.BuildSettings(:0) - Connection release mode: auto

2009-05-07 18:30:59,798 [4] NHibernate.Cfg.SettingsFactory.BuildSettings(:0) - Default batch fetch size: 1

2009-05-07 18:30:59,799 [4] NHibernate.Cfg.SettingsFactory.BuildSettings(:0) - Statistics: disabled

2009-05-07 18:30:59,800 [4] NHibernate.Cfg.SettingsFactory.BuildSettings(:0) - Deleted entity synthetic identifier rollback: disabled

2009-05-07 18:30:59,801 [4] NHibernate.Cfg.SettingsFactory.CreateQueryTranslatorFactory(:0) - Query translator: NHibernate.Hql.Classic.ClassicQueryTranslatorFactory

2009-05-07 18:30:59,804 [4] NHibernate.Cfg.SettingsFactory.BuildSettings(:0) - Query language substitutions: {}

2009-05-07 18:30:59,806 [4] NHibernate.Cfg.SettingsFactory.CreateCacheProvider(:0) - cache provider: NHibernate.Cache.NoCacheProvider, NHibernate, Version=2.1.0.1001, Culture=neutral, PublicKeyToken=aa95f207798dfdb4

2009-05-07 18:30:59,808 [4] NHibernate.Cfg.SettingsFactory.BuildSettings(:0) - Wrap result sets: disabled

2009-05-07 18:30:59,810 [4] NHibernate.Cfg.SettingsFactory.CreateBatcherFactory(:0) - Batcher factory: NHibernate.AdoNet.SqlClientBatchingBatcherFactory, NHibernate, Version=2.1.0.1001, Culture=neutral, PublicKeyToken=aa95f207798dfdb4

2009-05-07 18:30:59,812 [4] NHibernate.Cfg.SettingsFactory.BuildSettings(:0) - Default entity-mode: Poco

2009-05-07 18:30:59,813 [4] NHibernate.Cfg.SettingsFactory.BuildSettings(:0) - Named query checking : enabled

2009-05-07 18:30:59,865 [4] NHibernate.Impl.SessionFactoryImpl..ctor(:0) - building session factory

2009-05-07 18:30:59,868 [4] NHibernate.Impl.SessionFactoryImpl..ctor(:0) - Session factory constructed with filter configurations : {}

2009-05-07 18:30:59,870 [4] NHibernate.Impl.SessionFactoryImpl..ctor(:0) - instantiating session factory with properties: {'use_reflection_optimizer'='True', 'connection.connection_string'='Data Source=REDGATE\SQLEXPRESS;Initial Catalog=van;Integrated Security=True;', 'dialect'='NHibernate.Dialect.MsSql2005Dialect', 'connection.provider'='NHibernate.Connection.DriverConnectionProvider', 'connection.driver_class'='NHibernate.Driver.SqlClientDriver', 'show_sql'='false', 'connection.release_mode'='auto', 'adonet.batch_size'='500', 'proxyfactory.factory_class'='NHibernate.ByteCode.Castle.ProxyFactoryFactory, NHibernate.ByteCode.Castle'}

2009-05-07 18:31:00,056 [4] NHibernate.Tuple.Entity.AbstractEntityTuplizer..ctor(:0) - No custom accessors found for entity: van.Core.Recording

2009-05-07 18:31:00,069 [4] NHibernate.Tuple.Entity.AbstractEntityTuplizer..ctor(:0) - No custom accessors found for entity: van.Core.Recording

2009-05-07 18:31:00,096 [4] NHibernate.Tuple.Entity.PocoEntityTuplizer.BuildInstantiator(:0) - Create Instantiator using optimizer for:van.Core.Recording

2009-05-07 18:31:00,280 [4] NHibernate.Persister.Entity.AbstractEntityPersister.LogStaticSQL(:0) - Static SQL for entity: van.Core.Recording

2009-05-07 18:31:00,282 [4] NHibernate.Persister.Entity.AbstractEntityPersister.LogStaticSQL(:0) -  Version select: SELECT RecordingID FROM Recordings WHERE RecordingID = ?

2009-05-07 18:31:00,282 [4] NHibernate.Persister.Entity.AbstractEntityPersister.LogStaticSQL(:0) -  Snapshot select: SELECT recording_.RecordingID, recording_.RecordingTitle as Recordin2_0_, recording_.RecordingDuration as Recordin3_0_, recording_.RecordingUrl as Recordin4_0_, recording_.RecordingDate as Recordin5_0_ FROM Recordings recording_ WHERE recording_.RecordingID=?

2009-05-07 18:31:00,283 [4] NHibernate.Persister.Entity.AbstractEntityPersister.LogStaticSQL(:0) -  Insert 0: NHibernate.SqlCommand.SqlCommandInfo

2009-05-07 18:31:00,284 [4] NHibernate.Persister.Entity.AbstractEntityPersister.LogStaticSQL(:0) -  Update 0: NHibernate.SqlCommand.SqlCommandInfo

2009-05-07 18:31:00,285 [4] NHibernate.Persister.Entity.AbstractEntityPersister.LogStaticSQL(:0) -  Delete 0: NHibernate.SqlCommand.SqlCommandInfo

2009-05-07 18:31:00,286 [4] NHibernate.Persister.Entity.AbstractEntityPersister.LogStaticSQL(:0) -  Identity insert: NHibernate.SqlCommand.SqlCommandInfo

2009-05-07 18:31:00,359 [4] NHibernate.Loader.Entity.EntityLoader..ctor(:0) - Static select for entity van.Core.Recording: SELECT recording0_.RecordingID as Recordin1_0_0_, recording0_.RecordingTitle as Recordin2_0_0_, recording0_.RecordingDuration as Recordin3_0_0_, recording0_.RecordingUrl as Recordin4_0_0_, recording0_.RecordingDate as Recordin5_0_0_ FROM Recordings recording0_ WHERE recording0_.RecordingID=?

2009-05-07 18:31:00,361 [4] NHibernate.Loader.Entity.EntityLoader..ctor(:0) - Static select for entity van.Core.Recording: SELECT recording0_.RecordingID as Recordin1_0_0_, recording0_.RecordingTitle as Recordin2_0_0_, recording0_.RecordingDuration as Recordin3_0_0_, recording0_.RecordingUrl as Recordin4_0_0_, recording0_.RecordingDate as Recordin5_0_0_ FROM Recordings recording0_ WHERE recording0_.RecordingID=?

2009-05-07 18:31:00,362 [4] NHibernate.Loader.Entity.EntityLoader..ctor(:0) - Static select for entity van.Core.Recording: SELECT recording0_.RecordingID as Recordin1_0_0_, recording0_.RecordingTitle as Recordin2_0_0_, recording0_.RecordingDuration as Recordin3_0_0_, recording0_.RecordingUrl as Recordin4_0_0_, recording0_.RecordingDate as Recordin5_0_0_ FROM Recordings recording0_ with (updlock, rowlock) WHERE recording0_.RecordingID=?

2009-05-07 18:31:00,363 [4] NHibernate.Loader.Entity.EntityLoader..ctor(:0) - Static select for entity van.Core.Recording: SELECT recording0_.RecordingID as Recordin1_0_0_, recording0_.RecordingTitle as Recordin2_0_0_, recording0_.RecordingDuration as Recordin3_0_0_, recording0_.RecordingUrl as Recordin4_0_0_, recording0_.RecordingDate as Recordin5_0_0_ FROM Recordings recording0_ with (updlock, rowlock) WHERE recording0_.RecordingID=?

2009-05-07 18:31:00,365 [4] NHibernate.Loader.Entity.EntityLoader..ctor(:0) - Static select for entity van.Core.Recording: SELECT recording0_.RecordingID as Recordin1_0_0_, recording0_.RecordingTitle as Recordin2_0_0_, recording0_.RecordingDuration as Recordin3_0_0_, recording0_.RecordingUrl as Recordin4_0_0_, recording0_.RecordingDate as Recordin5_0_0_ FROM Recordings recording0_ with (updlock, rowlock) WHERE recording0_.RecordingID=?

2009-05-07 18:31:00,367 [4] NHibernate.Loader.Entity.CascadeEntityLoader..ctor(:0) - Static select for action NHibernate.Engine.CascadingAction+MergeCascadingAction on entity van.Core.Recording: SELECT recording0_.RecordingID as Recordin1_0_0_, recording0_.RecordingTitle as Recordin2_0_0_, recording0_.RecordingDuration as Recordin3_0_0_, recording0_.RecordingUrl as Recordin4_0_0_, recording0_.RecordingDate as Recordin5_0_0_ FROM Recordings recording0_ WHERE recording0_.RecordingID=?

2009-05-07 18:31:00,368 [4] NHibernate.Loader.Entity.CascadeEntityLoader..ctor(:0) - Static select for action NHibernate.Engine.CascadingAction+RefreshCascadingAction on entity van.Core.Recording: SELECT recording0_.RecordingID as Recordin1_0_0_, recording0_.RecordingTitle as Recordin2_0_0_, recording0_.RecordingDuration as Recordin3_0_0_, recording0_.RecordingUrl as Recordin4_0_0_, recording0_.RecordingDate as Recordin5_0_0_ FROM Recordings recording0_ WHERE recording0_.RecordingID=?

2009-05-07 18:31:00,372 [4] NHibernate.Impl.SessionFactoryObjectFactory..cctor(:0) - initializing class SessionFactoryObjectFactory

2009-05-07 18:31:00,375 [4] NHibernate.Impl.SessionFactoryObjectFactory.AddInstance(:0) - registered: c2cfe6e5987f4b738475e0a61ff9486f(unnamed)

2009-05-07 18:31:00,376 [4] NHibernate.Impl.SessionFactoryObjectFactory.AddInstance(:0) - no name configured

2009-05-07 18:31:00,376 [4] NHibernate.Impl.SessionFactoryImpl..ctor(:0) - Instantiated session factory

2009-05-07 18:31:00,384 [4] NHibernate.Impl.SessionFactoryImpl.CheckNamedQueries(:0) - Checking 0 named HQL queries

2009-05-07 18:31:00,385 [4] NHibernate.Impl.SessionFactoryImpl.CheckNamedQueries(:0) - Checking 0 named SQL queries

